<?xml version="1.0" encoding="UTF-8"?>
<!-- Generated by org.testng.reporters.JUnitReportReporter -->
<testsuite hostname="DESKTOP-C8GDP60" failures="0" tests="15" name="test.day3" time="0.049" errors="0" timestamp="11 Sep 2020 00:22:02 GMT" skipped="2">
  <testcase classname="test.day3" name="mobileLogin" time="0.001"/>
  <testcase classname="test.day3" name="Mobilesignout" time="0.001"/>
  <testcase classname="test.day3" name="APIcarloan" time="0.001"/>
  <testcase classname="test.day3" name="WebloginURL" time="0.002"/>
  <testcase classname="test.day3" name="APIcarloan" time="0.001"/>
  <testcase classname="test.day3" name="Mobilesignout" time="0.003"/>
  <testcase classname="test.day3" name="mobileLogin" time="0.002"/>
  <testcase classname="test.day3" name="AWeblogin" time="0.023"/>
  <testcase classname="test.day3" name="Mobilesignout" time="0.007"/>
  <testcase classname="test.day3" name="Mobilesignout" time="0.001"/>
  <testcase classname="test.day3" name="AWeblogin" time="0.002"/>
  <testcase classname="test.day3" name="Mobilesignout" time="0.002"/>
  <testcase classname="test.day3" name="Mobilesignout" time="0.003"/>
  <testcase classname="test.day3" name="Weblogin">
    <skipped/>
  </testcase> <!-- Weblogin -->
  <testcase classname="test.day3" name="Weblogin">
    <skipped/>
  </testcase> <!-- Weblogin -->
</testsuite> <!-- test.day3 -->
