<?xml version="1.0" encoding="UTF-8"?>
<!-- Generated by org.testng.reporters.JUnitReportReporter -->
<testsuite hostname="DESKTOP-C8GDP60" failures="0" tests="1" name="test.day2" time="0.001" errors="0" timestamp="2020-09-10T15:27:10 PDT" skipped="0">
  <testcase classname="test.day2" name="ploan" time="0.001"/>
  <system-out/>
</testsuite> <!-- test.day2 -->
