<?xml version="1.0" encoding="UTF-8"?>
<!-- Generated by org.testng.reporters.JUnitReportReporter -->
<testsuite hostname="DESKTOP-C8GDP60" failures="0" tests="1" name="test.day4" time="0.001" errors="0" timestamp="2020-09-10T15:04:19 PDT" skipped="0">
  <testcase classname="test.day4" name="mobileLogin" time="0.001"/>
  <system-out/>
</testsuite> <!-- test.day4 -->
